LOAD #3
STORE 10
LOAD 10
STORE 9
LOAD 9
STORE 10
LOAD #3
STORE 11
LOAD 11
STORE 1
LOAD 10
SUB 1
JUMZ 16
LOAD #0
STORE 8
JUMP 18
LOAD #1
STORE 8
STORE 10
LOAD 8
JUMZ 22
LOAD #43
STORE 11
LOAD 11
STORE 9
JUMP 27
LOAD #0
STORE 11
LOAD 11
STORE 9
NOP
LOAD 9
WRITE
NOP 
LOAD 9
STORE 11
LOAD #46
STORE 12
LOAD 12
STORE 1
LOAD 11
SUB 1
JUMZ 45
LOAD #1
STORE 8
JUMP 47
LOAD #0
STORE 8
STORE 11
LOAD 8
JUMZ 63
LOAD 9
STORE 12
LOAD #1
STORE 13
LOAD 13
STORE 1
LOAD 12
ADD 1
STORE 12
LOAD 12
STORE 9
JUMP 34
NOP 
LOAD 9
WRITE
NOP 
